<?xml version="1.0" encoding="UTF-8"?>
<!-- Generated by org.testng.reporters.JUnitXMLReporter -->
<testsuite hostname="pravin" name="Practice Grouping by priya" tests="5" failures="0" timestamp="18 Nov 2020 10:05:00 GMT" time="0.029" errors="0">
  <testcase name="Car1" time="0.009" classname="com.seleniumdemo19.Grouping"/>
  <testcase name="Car2" time="0.0" classname="com.seleniumdemo19.Grouping"/>
  <testcase name="Scooter1" time="0.0" classname="com.seleniumdemo19.Grouping"/>
  <testcase name="Scooter2" time="0.001" classname="com.seleniumdemo19.Grouping"/>
  <testcase name="Sedan1" time="0.002" classname="com.seleniumdemo19.Grouping"/>
</testsuite> <!-- Practice Grouping by priya -->
