<?xml version="1.0" encoding="UTF-8"?>
<!-- Generated by org.testng.reporters.JUnitXMLReporter -->
<testsuite hostname="SRIVASTAVA-PC" ignored="0" name="pravin_training" tests="3" failures="0" timestamp="10 Jan 2019 15:45:54 GMT" time="30.075" errors="0">
  <testcase name="executSessionOne" time="5.833" classname="testng_practice_1_aug_2018.Google_multiple_parallel_session"/>
  <testcase name="executSessionThree" time="4.859" classname="testng_practice_1_aug_2018.Google_multiple_parallel_session"/>
  <testcase name="executeSessionTwo" time="19.352" classname="testng_practice_1_aug_2018.Google_multiple_parallel_session"/>
</testsuite> <!-- pravin_training -->
