<?xml version="1.0" encoding="UTF-8"?>
<!-- Generated by org.testng.reporters.JUnitXMLReporter -->
<testsuite hostname="SRIVASTAVA-PC" ignored="0" name="Practice Grouping99_roja" tests="5" failures="0" timestamp="10 Jan 2019 16:35:31 GMT" time="0.132" errors="0">
  <testcase name="Car1" time="0.059" classname="testng_practice_1_aug_2018.Grouping"/>
  <testcase name="Car2" time="0.002" classname="testng_practice_1_aug_2018.Grouping"/>
  <testcase name="Scooter1" time="0.003" classname="testng_practice_1_aug_2018.Grouping"/>
  <testcase name="Scooter2" time="0.002" classname="testng_practice_1_aug_2018.Grouping"/>
  <testcase name="Sedan1" time="0.002" classname="testng_practice_1_aug_2018.Grouping"/>
</testsuite> <!-- Practice Grouping99_roja -->
