<?xml version="1.0" encoding="UTF-8"?>
<!-- Generated by org.testng.reporters.JUnitXMLReporter -->
<testsuite hostname="SRIVASTAVA-PC" ignored="0" name="Practice Grouping" tests="5" failures="0" timestamp="10 Jan 2019 15:31:45 GMT" time="0.082" errors="0">
  <testcase name="Car1" time="0.033" classname="testng_practice_1_aug_2018.Grouping"/>
  <testcase name="Car2" time="0.001" classname="testng_practice_1_aug_2018.Grouping"/>
  <testcase name="Scooter1" time="0.002" classname="testng_practice_1_aug_2018.Grouping"/>
  <testcase name="Scooter2" time="0.001" classname="testng_practice_1_aug_2018.Grouping"/>
  <testcase name="Sedan1" time="0.004" classname="testng_practice_1_aug_2018.Grouping"/>
</testsuite> <!-- Practice Grouping -->
