<?xml version="1.0" encoding="UTF-8"?>
<testng-results skipped="0" failed="0" ignored="0" total="5" passed="5">
  <reporter-output>
  </reporter-output>
  <suite name="Default suite" duration-ms="109" started-at="2019-01-10T16:36:17Z" finished-at="2019-01-10T16:36:17Z">
    <groups>
      <group name="Scooter">
        <method signature="Grouping.Scooter1()[pri:0, instance:testng_practice_1_aug_2018.Grouping@2d45ba]" name="Scooter1" class="testng_practice_1_aug_2018.Grouping"/>
        <method signature="Grouping.Scooter2()[pri:0, instance:testng_practice_1_aug_2018.Grouping@2d45ba]" name="Scooter2" class="testng_practice_1_aug_2018.Grouping"/>
      </group> <!-- Scooter -->
      <group name="Car">
        <method signature="Grouping.Car1()[pri:0, instance:testng_practice_1_aug_2018.Grouping@2d45ba]" name="Car1" class="testng_practice_1_aug_2018.Grouping"/>
        <method signature="Grouping.Car2()[pri:0, instance:testng_practice_1_aug_2018.Grouping@2d45ba]" name="Car2" class="testng_practice_1_aug_2018.Grouping"/>
      </group> <!-- Car -->
      <group name="Sedan Car">
        <method signature="Grouping.Sedan1()[pri:0, instance:testng_practice_1_aug_2018.Grouping@2d45ba]" name="Sedan1" class="testng_practice_1_aug_2018.Grouping"/>
      </group> <!-- Sedan Car -->
    </groups>
    <test name="Default test" duration-ms="109" started-at="2019-01-10T16:36:17Z" finished-at="2019-01-10T16:36:17Z">
      <class name="testng_practice_1_aug_2018.Grouping">
        <test-method status="PASS" signature="Car1()[pri:0, instance:testng_practice_1_aug_2018.Grouping@2d45ba]" name="Car1" duration-ms="46" started-at="2019-01-10T22:06:17Z" finished-at="2019-01-10T22:06:17Z">
          <reporter-output>
          </reporter-output>
        </test-method> <!-- Car1 -->
        <test-method status="PASS" signature="Car2()[pri:0, instance:testng_practice_1_aug_2018.Grouping@2d45ba]" name="Car2" duration-ms="2" started-at="2019-01-10T22:06:17Z" finished-at="2019-01-10T22:06:17Z">
          <reporter-output>
          </reporter-output>
        </test-method> <!-- Car2 -->
        <test-method status="PASS" signature="Scooter1()[pri:0, instance:testng_practice_1_aug_2018.Grouping@2d45ba]" name="Scooter1" duration-ms="2" started-at="2019-01-10T22:06:17Z" finished-at="2019-01-10T22:06:17Z">
          <reporter-output>
          </reporter-output>
        </test-method> <!-- Scooter1 -->
        <test-method status="PASS" signature="Scooter2()[pri:0, instance:testng_practice_1_aug_2018.Grouping@2d45ba]" name="Scooter2" duration-ms="1" started-at="2019-01-10T22:06:17Z" finished-at="2019-01-10T22:06:17Z">
          <reporter-output>
          </reporter-output>
        </test-method> <!-- Scooter2 -->
        <test-method status="PASS" signature="Sedan1()[pri:0, instance:testng_practice_1_aug_2018.Grouping@2d45ba]" name="Sedan1" duration-ms="2" started-at="2019-01-10T22:06:17Z" finished-at="2019-01-10T22:06:17Z">
          <reporter-output>
          </reporter-output>
        </test-method> <!-- Sedan1 -->
      </class> <!-- testng_practice_1_aug_2018.Grouping -->
    </test> <!-- Default test -->
  </suite> <!-- Default suite -->
</testng-results>
