<?xml version="1.0" encoding="UTF-8"?>
<!-- Generated by org.testng.reporters.JUnitXMLReporter -->
<testsuite hostname="pravin" name="Practice Grouping by santosh" tests="3" failures="0" timestamp="19 Nov 2020 04:19:14 GMT" time="0.031" errors="0">
  <testcase name="Car1" time="0.009" classname="com.seleniumdemo19.Grouping"/>
  <testcase name="Car2" time="0.0" classname="com.seleniumdemo19.Grouping"/>
  <testcase name="Sedan1" time="0.0" classname="com.seleniumdemo19.Grouping"/>
</testsuite> <!-- Practice Grouping by santosh -->
